# Logfile created on 2014-02-24 16:21:31 +0000 by logger.rb/31641
I, [2014-02-24T16:21:31.019022 #32047]  INFO -- : 0:  diff-lcs (1.2.5) from /Users/jbrunton/.rvm/gems/ruby-1.9.3-p362/specifications/diff-lcs-1.2.5.gemspec
I, [2014-02-24T16:21:31.019587 #32047]  INFO -- : 0:  rspec-core (2.14.7) from /Users/jbrunton/.rvm/gems/ruby-1.9.3-p362/specifications/rspec-core-2.14.7.gemspec
I, [2014-02-24T16:21:32.210056 #32047]  INFO -- : 0:  rspec-expectations (2.14.5) from /Users/jbrunton/.rvm/gems/ruby-1.9.3-p362/specifications/rspec-expectations-2.14.5.gemspec
I, [2014-02-24T16:21:33.403455 #32047]  INFO -- : 0:  rspec-mocks (2.14.6) from /Users/jbrunton/.rvm/gems/ruby-1.9.3-p362/specifications/rspec-mocks-2.14.6.gemspec
I, [2014-02-24T16:21:33.403980 #32047]  INFO -- : 0:  rspec (2.14.1) from /Users/jbrunton/.rvm/gems/ruby-1.9.3-p362/specifications/rspec-2.14.1.gemspec
I, [2014-02-24T16:21:33.404347 #32047]  INFO -- : 0:  bundler (1.5.1) from /Users/jbrunton/.rvm/gems/ruby-1.9.3-p362/specifications/bundler-1.5.1.gemspec
I, [2014-02-24T17:23:03.761017 #39760]  INFO -- : 0:  diff-lcs (1.2.5) from /Users/jbrunton/.rvm/gems/ruby-1.9.3-p362/specifications/diff-lcs-1.2.5.gemspec
I, [2014-02-24T17:23:03.768772 #39760]  INFO -- : 0:  rspec-core (2.14.7) from /Users/jbrunton/.rvm/gems/ruby-1.9.3-p362/specifications/rspec-core-2.14.7.gemspec
I, [2014-02-24T17:23:03.769247 #39760]  INFO -- : 0:  rspec-expectations (2.14.5) from /Users/jbrunton/.rvm/gems/ruby-1.9.3-p362/specifications/rspec-expectations-2.14.5.gemspec
I, [2014-02-24T17:23:03.769649 #39760]  INFO -- : 0:  rspec-mocks (2.14.6) from /Users/jbrunton/.rvm/gems/ruby-1.9.3-p362/specifications/rspec-mocks-2.14.6.gemspec
I, [2014-02-24T17:23:03.770041 #39760]  INFO -- : 0:  rspec (2.14.1) from /Users/jbrunton/.rvm/gems/ruby-1.9.3-p362/specifications/rspec-2.14.1.gemspec
I, [2014-02-24T17:23:03.770412 #39760]  INFO -- : 0:  bundler (1.5.1) from /Users/jbrunton/.rvm/gems/ruby-1.9.3-p362/specifications/bundler-1.5.1.gemspec
I, [2014-02-24T17:24:54.579628 #39993]  INFO -- : 0:  diff-lcs (1.2.5) from /Users/jbrunton/.rvm/gems/ruby-1.9.3-p362/specifications/diff-lcs-1.2.5.gemspec
I, [2014-02-24T17:24:55.584426 #39993]  INFO -- : 0:  rspec-support (3.0.0.beta2) from /Users/jbrunton/.rvm/gems/ruby-1.9.3-p362/specifications/rspec-support-3.0.0.beta2.gemspec
I, [2014-02-24T17:24:56.774972 #39993]  INFO -- : 0:  rspec-core (3.0.0.beta2) from /Users/jbrunton/.rvm/gems/ruby-1.9.3-p362/specifications/rspec-core-3.0.0.beta2.gemspec
I, [2014-02-24T17:24:57.864261 #39993]  INFO -- : 0:  rspec-expectations (3.0.0.beta2) from /Users/jbrunton/.rvm/gems/ruby-1.9.3-p362/specifications/rspec-expectations-3.0.0.beta2.gemspec
I, [2014-02-24T17:24:59.004255 #39993]  INFO -- : 0:  rspec-mocks (3.0.0.beta2) from /Users/jbrunton/.rvm/gems/ruby-1.9.3-p362/specifications/rspec-mocks-3.0.0.beta2.gemspec
I, [2014-02-24T17:24:59.978893 #39993]  INFO -- : 0:  rspec (3.0.0.beta2) from /Users/jbrunton/.rvm/gems/ruby-1.9.3-p362/specifications/rspec-3.0.0.beta2.gemspec
I, [2014-02-24T17:24:59.979418 #39993]  INFO -- : 0:  bundler (1.5.1) from /Users/jbrunton/.rvm/gems/ruby-1.9.3-p362/specifications/bundler-1.5.1.gemspec
